<?xml version="1.0" encoding="UTF-8"?>
<!-- Generated by org.testng.reporters.JUnitReportReporter -->
<testsuite hostname="LAPTOP-6R2ID37A" name="biz.entrar.test.LoginTests" tests="1" failures="0" timestamp="4 Aug 2021 07:50:35 GMT" time="10.973" errors="0">
  <testcase name="initialization" time="10.973" classname="biz.entrar.test.LoginTests"/>
</testsuite> <!-- biz.entrar.test.LoginTests -->
