<?xml version="1.0" encoding="UTF-8"?>
<!-- Generated by org.testng.reporters.JUnitReportReporter -->
<testsuite hostname="LAPTOP-6R2ID37A" name="biz.entrar.test.NewAdmission" tests="5" failures="0" timestamp="12 Nov 2020 10:37:45 GMT" time="49.102" errors="0">
  <testcase name="AddNewAdmission" time="17.482" classname="biz.entrar.test.NewAdmission"/>
  <testcase name="SearchStudent" time="3.958" classname="biz.entrar.test.NewAdmission"/>
  <testcase name="CreateStdAccounts" time="12.956" classname="biz.entrar.test.NewAdmission"/>
  <testcase name="ConformNewAdmin" time="4.584" classname="biz.entrar.test.NewAdmission"/>
  <testcase name="FeeCollection" time="10.122" classname="biz.entrar.test.NewAdmission"/>
</testsuite> <!-- biz.entrar.test.NewAdmission -->
