<?xml version="1.0" encoding="UTF-8"?>
<!-- Generated by org.testng.reporters.JUnitReportReporter -->
<testsuite hostname="LAPTOP-6R2ID37A" name="biz.entrar.test.AssesAssessmentMasters" tests="1" failures="0" timestamp="5 Nov 2020 05:23:09 GMT" time="32.493" errors="0">
  <testcase name="AMExamSubjectMarks" time="32.493" classname="biz.entrar.test.AssesAssessmentMasters"/>
</testsuite> <!-- biz.entrar.test.AssesAssessmentMasters -->
