<?xml version="1.0" encoding="UTF-8"?>
<!-- Generated by org.testng.reporters.JUnitReportReporter -->
<testsuite hostname="LAPTOP-6R2ID37A" name="biz.entrar.test.TeacherLoginModule" tests="1" failures="0" timestamp="8 Jul 2021 04:59:13 GMT" time="1.309" errors="0">
  <testcase name="login" time="1.309" classname="biz.entrar.test.TeacherLoginModule"/>
</testsuite> <!-- biz.entrar.test.TeacherLoginModule -->
