<?xml version="1.0" encoding="UTF-8"?>
<!-- Generated by org.testng.reporters.JUnitReportReporter -->
<testsuite hostname="LAPTOP-6R2ID37A" name="biz.entrar.test.ExamAssessment" tests="9" failures="0" timestamp="29 Dec 2020 06:54:57 GMT" time="130.120" errors="0">
  <testcase name="AddQuestions" time="29.020" classname="biz.entrar.test.ExamAssessment"/>
  <testcase name="ExamPublish" time="19.759" classname="biz.entrar.test.ExamAssessment"/>
  <testcase name="StudentLogin" time="1.495" classname="biz.entrar.test.ExamAssessment"/>
  <testcase name="validCredentialsTeacher" time="2.165" classname="biz.entrar.test.ExamAssessment"/>
  <testcase name="validCredentialsTeacher2" time="1.387" classname="biz.entrar.test.ExamAssessment"/>
  <testcase name="AssessmentPublish" time="29.804" classname="biz.entrar.test.ExamAssessment"/>
  <testcase name="AddAssessmentMasters" time="24.587" classname="biz.entrar.test.ExamAssessment"/>
  <testcase name="QuestionPrivew" time="12.450" classname="biz.entrar.test.ExamAssessment"/>
  <testcase name="StartAssessment" time="9.453" classname="biz.entrar.test.ExamAssessment"/>
</testsuite> <!-- biz.entrar.test.ExamAssessment -->
