<?xml version="1.0" encoding="UTF-8"?>
<!-- Generated by org.testng.reporters.JUnitReportReporter -->
<testsuite hostname="LAPTOP-6R2ID37A" name="biz.entrar.test.OnlineAssessment" tests="5" failures="0" timestamp="4 Aug 2021 07:50:35 GMT" time="89.478" errors="0">
  <testcase name="ExamPublish" time="19.152" classname="biz.entrar.test.OnlineAssessment"/>
  <testcase name="AddQuestions" time="23.690" classname="biz.entrar.test.OnlineAssessment"/>
  <testcase name="AddAssessmentMasters" time="27.864" classname="biz.entrar.test.OnlineAssessment"/>
  <testcase name="validCredentialsTeacher" time="7.105" classname="biz.entrar.test.OnlineAssessment"/>
  <testcase name="QuestionPrivew" time="11.667" classname="biz.entrar.test.OnlineAssessment"/>
</testsuite> <!-- biz.entrar.test.OnlineAssessment -->
