<?xml version="1.0" encoding="UTF-8"?>
<!-- Generated by org.testng.reporters.JUnitReportReporter -->
<testsuite hostname="LAPTOP-6R2ID37A" name="biz.entrar.test.Assessment" tests="2" failures="0" timestamp="2 Nov 2020 07:52:08 GMT" time="24.147" errors="0">
  <testcase name="AsstAcademicOptionalSubLanguagCountReport" time="8.527" classname="biz.entrar.test.Assessment"/>
  <testcase name="AssmtAcadmiOptionalSubjectReport" time="15.620" classname="biz.entrar.test.Assessment"/>
</testsuite> <!-- biz.entrar.test.Assessment -->
