<?xml version="1.0" encoding="UTF-8"?>
<!-- Generated by org.testng.reporters.JUnitReportReporter -->
<testsuite skipped="0" hostname="LAPTOP-6R2ID37A" name="biz.entrar.test.LoginTests" tests="1" failures="0" timestamp="09 Aug 2021 04:52:46 GMT" time="11.190" errors="0">
  <testcase name="initialization" time="11.190" classname="biz.entrar.test.LoginTests"/>
</testsuite> <!-- biz.entrar.test.LoginTests -->
