<?xml version="1.0" encoding="UTF-8"?>
<!-- Generated by org.testng.reporters.JUnitReportReporter -->
<testsuite skipped="0" hostname="LAPTOP-6R2ID37A" name="biz.entrar.test.OnlineAssessment" tests="5" failures="0" timestamp="09 Aug 2021 04:52:46 GMT" time="117.039" errors="0">
  <testcase name="validCredentialsTeacher" time="8.015" classname="biz.entrar.test.OnlineAssessment"/>
  <testcase name="AddQuestions" time="32.289" classname="biz.entrar.test.OnlineAssessment"/>
  <testcase name="ExamPublish" time="22.870" classname="biz.entrar.test.OnlineAssessment"/>
  <testcase name="QuestionPrivew" time="13.581" classname="biz.entrar.test.OnlineAssessment"/>
  <testcase name="AddAssessmentMasters" time="40.284" classname="biz.entrar.test.OnlineAssessment"/>
</testsuite> <!-- biz.entrar.test.OnlineAssessment -->
